Flow report for lab2__part1_tb
Wed May  1 06:55:48 2024
Quartus Prime Version 23.1std.0 Build 991 11/28/2023 SC Lite Edition


---------------------
; Table of Contents ;
---------------------
  1. Legal Notice
  2. Flow Summary
  3. Flow Settings
  4. Flow Non-Default Global Settings
  5. Flow Elapsed Time
  6. Flow OS Summary
  7. Flow Log
  8. Flow Messages
  9. Flow Suppressed Messages



----------------
; Legal Notice ;
----------------
Copyright (C) 2023  Intel Corporation. All rights reserved.
Your use of Intel Corporation's design tools, logic functions 
and other software and tools, and any partner logic 
functions, and any output files from any of the foregoing 
(including device programming or simulation files), and any 
associated documentation or information are expressly subject 
to the terms and conditions of the Intel Program License 
Subscription Agreement, the Intel Quartus Prime License Agreement,
the Intel FPGA IP License Agreement, or other applicable license
agreement, including, without limitation, that your use is for
the sole purpose of programming logic devices manufactured by
Intel and sold by Intel or its authorized distributors.  Please
refer to the applicable agreement for further details, at
https://fpgasoftware.intel.com/eula.



+-------------------------------------------------------------------------------------+
; Flow Summary                                                                        ;
+------------------------------------+------------------------------------------------+
; Flow Status                        ; Successful - Wed May  1 06:55:48 2024          ;
; Quartus Prime Version              ; 23.1std.0 Build 991 11/28/2023 SC Lite Edition ;
; Revision Name                      ; lab2__part1_tb                                 ;
; Top-level Entity Name              ; Top_Level                                      ;
; Family                             ; MAX 10                                         ;
; Device                             ; 10M08DAF484C8G                                 ;
; Timing Models                      ; Final                                          ;
; Total logic elements               ; 373 / 8,064 ( 5 % )                            ;
;     Total combinational functions  ; 373 / 8,064 ( 5 % )                            ;
;     Dedicated logic registers      ; 35 / 8,064 ( < 1 % )                           ;
; Total registers                    ; 35                                             ;
; Total pins                         ; 50 / 250 ( 20 % )                              ;
; Total virtual pins                 ; 0                                              ;
; Total memory bits                  ; 0 / 387,072 ( 0 % )                            ;
; Embedded Multiplier 9-bit elements ; 0 / 48 ( 0 % )                                 ;
; Total PLLs                         ; 0 / 2 ( 0 % )                                  ;
; UFM blocks                         ; 0 / 1 ( 0 % )                                  ;
; ADC blocks                         ; 0 / 1 ( 0 % )                                  ;
+------------------------------------+------------------------------------------------+


+-----------------------------------------+
; Flow Settings                           ;
+-------------------+---------------------+
; Option            ; Setting             ;
+-------------------+---------------------+
; Start date & time ; 05/01/2024 06:54:59 ;
; Main task         ; Compilation         ;
; Revision Name     ; lab2__part1_tb      ;
+-------------------+---------------------+


+-------------------------------------------------------------------------------------------------------------------------------------------------+
; Flow Non-Default Global Settings                                                                                                                ;
+-------------------------------------+----------------------------------------+----------------+-------------+-----------------------------------+
; Assignment Name                     ; Value                                  ; Default Value  ; Entity Name ; Section Id                        ;
+-------------------------------------+----------------------------------------+----------------+-------------+-----------------------------------+
; COMPILER_SIGNATURE_ID               ; 22381010751101.171457169908868         ; --             ; --          ; --                                ;
; EDA_GENERATE_FUNCTIONAL_NETLIST     ; Off                                    ; --             ; --          ; eda_board_design_timing           ;
; EDA_GENERATE_FUNCTIONAL_NETLIST     ; Off                                    ; --             ; --          ; eda_board_design_boundary_scan    ;
; EDA_GENERATE_FUNCTIONAL_NETLIST     ; Off                                    ; --             ; --          ; eda_board_design_signal_integrity ;
; EDA_GENERATE_FUNCTIONAL_NETLIST     ; Off                                    ; --             ; --          ; eda_board_design_symbol           ;
; EDA_OUTPUT_DATA_FORMAT              ; Systemverilog Hdl                      ; --             ; --          ; eda_simulation                    ;
; EDA_SIMULATION_TOOL                 ; Questa Intel FPGA (SystemVerilog)      ; <None>         ; --          ; --                                ;
; EDA_TIME_SCALE                      ; 1 ps                                   ; --             ; --          ; eda_simulation                    ;
; MAX_CORE_JUNCTION_TEMP              ; 85                                     ; --             ; --          ; --                                ;
; MIN_CORE_JUNCTION_TEMP              ; 0                                      ; --             ; --          ; --                                ;
; PARTITION_COLOR                     ; -- (Not supported for targeted family) ; --             ; Top_Level   ; Top                               ;
; PARTITION_FITTER_PRESERVATION_LEVEL ; -- (Not supported for targeted family) ; --             ; Top_Level   ; Top                               ;
; PARTITION_NETLIST_TYPE              ; -- (Not supported for targeted family) ; --             ; Top_Level   ; Top                               ;
; POWER_BOARD_THERMAL_MODEL           ; None (CONSERVATIVE)                    ; --             ; --          ; --                                ;
; POWER_PRESET_COOLING_SOLUTION       ; 23 MM HEAT SINK WITH 200 LFPM AIRFLOW  ; --             ; --          ; --                                ;
; PROJECT_OUTPUT_DIRECTORY            ; output_files                           ; --             ; --          ; --                                ;
; TOP_LEVEL_ENTITY                    ; Top_Level                              ; lab2__part1_tb ; --          ; --                                ;
+-------------------------------------+----------------------------------------+----------------+-------------+-----------------------------------+


+--------------------------------------------------------------------------------------------------------------------------+
; Flow Elapsed Time                                                                                                        ;
+----------------------+--------------+-------------------------+---------------------+------------------------------------+
; Module Name          ; Elapsed Time ; Average Processors Used ; Peak Virtual Memory ; Total CPU Time (on all processors) ;
+----------------------+--------------+-------------------------+---------------------+------------------------------------+
; Analysis & Synthesis ; 00:00:14     ; 1.0                     ; 4859 MB             ; 00:00:21                           ;
; Fitter               ; 00:00:21     ; 1.2                     ; 6505 MB             ; 00:00:10                           ;
; Assembler            ; 00:00:02     ; 1.0                     ; 4690 MB             ; 00:00:01                           ;
; Timing Analyzer      ; 00:00:07     ; 1.3                     ; 4930 MB             ; 00:00:04                           ;
; EDA Netlist Writer   ; 00:00:01     ; 1.0                     ; 4638 MB             ; 00:00:00                           ;
; Total                ; 00:00:45     ; --                      ; --                  ; 00:00:36                           ;
+----------------------+--------------+-------------------------+---------------------+------------------------------------+


+------------------------------------------------------------------------------------+
; Flow OS Summary                                                                    ;
+----------------------+------------------+------------+------------+----------------+
; Module Name          ; Machine Hostname ; OS Name    ; OS Version ; Processor type ;
+----------------------+------------------+------------+------------+----------------+
; Analysis & Synthesis ; KAWASAKI-P-1     ; Windows 10 ; 10.0       ; x86_64         ;
; Fitter               ; KAWASAKI-P-1     ; Windows 10 ; 10.0       ; x86_64         ;
; Assembler            ; KAWASAKI-P-1     ; Windows 10 ; 10.0       ; x86_64         ;
; Timing Analyzer      ; KAWASAKI-P-1     ; Windows 10 ; 10.0       ; x86_64         ;
; EDA Netlist Writer   ; KAWASAKI-P-1     ; Windows 10 ; 10.0       ; x86_64         ;
+----------------------+------------------+------------+------------+----------------+


------------
; Flow Log ;
------------
quartus_map --read_settings_files=on --write_settings_files=off lab2__part1_tb -c lab2__part1_tb
quartus_fit --read_settings_files=off --write_settings_files=off lab2__part1_tb -c lab2__part1_tb
quartus_asm --read_settings_files=off --write_settings_files=off lab2__part1_tb -c lab2__part1_tb
quartus_sta lab2__part1_tb -c lab2__part1_tb
quartus_eda --read_settings_files=off --write_settings_files=off lab2__part1_tb -c lab2__part1_tb



