Analysis & Synthesis report for lab2__part1_tb
Wed May  1 06:55:12 2024
Quartus Prime Version 23.1std.0 Build 991 11/28/2023 SC Lite Edition


---------------------
; Table of Contents ;
---------------------
  1. Legal Notice
  2. Analysis & Synthesis Summary
  3. Analysis & Synthesis Settings
  4. Parallel Compilation
  5. Analysis & Synthesis Source Files Read
  6. Analysis & Synthesis Resource Usage Summary
  7. Analysis & Synthesis Resource Utilization by Entity
  8. General Register Statistics
  9. Multiplexer Restructuring Statistics (Restructuring Performed)
 10. Parameter Settings for User Entity Instance: Top-level Entity: |Top_Level
 11. Parameter Settings for Inferred Entity Instance: lcd_int:Sdisp|lpm_divide:Div0
 12. Parameter Settings for Inferred Entity Instance: lcd_int:Sdisp|lpm_divide:Mod0
 13. Parameter Settings for Inferred Entity Instance: lcd_int:Mdisp|lpm_divide:Div0
 14. Parameter Settings for Inferred Entity Instance: lcd_int:Mdisp|lpm_divide:Mod0
 15. Parameter Settings for Inferred Entity Instance: lcd_int:Hdisp|lpm_divide:Div0
 16. Parameter Settings for Inferred Entity Instance: lcd_int:Hdisp|lpm_divide:Mod0
 17. Port Connectivity Checks: "ct_mod_N:Hreg"
 18. Port Connectivity Checks: "ct_mod_N:Mreg"
 19. Port Connectivity Checks: "ct_mod_N:Hct"
 20. Port Connectivity Checks: "ct_mod_N:Mct"
 21. Port Connectivity Checks: "ct_mod_N:Sct"
 22. Post-Synthesis Netlist Statistics for Top Partition
 23. Elapsed Time Per Partition
 24. Analysis & Synthesis Messages



----------------
; Legal Notice ;
----------------
Copyright (C) 2023  Intel Corporation. All rights reserved.
Your use of Intel Corporation's design tools, logic functions 
and other software and tools, and any partner logic 
functions, and any output files from any of the foregoing 
(including device programming or simulation files), and any 
associated documentation or information are expressly subject 
to the terms and conditions of the Intel Program License 
Subscription Agreement, the Intel Quartus Prime License Agreement,
the Intel FPGA IP License Agreement, or other applicable license
agreement, including, without limitation, that your use is for
the sole purpose of programming logic devices manufactured by
Intel and sold by Intel or its authorized distributors.  Please
refer to the applicable agreement for further details, at
https://fpgasoftware.intel.com/eula.



+-------------------------------------------------------------------------------------+
; Analysis & Synthesis Summary                                                        ;
+------------------------------------+------------------------------------------------+
; Analysis & Synthesis Status        ; Successful - Wed May  1 06:55:12 2024          ;
; Quartus Prime Version              ; 23.1std.0 Build 991 11/28/2023 SC Lite Edition ;
; Revision Name                      ; lab2__part1_tb                                 ;
; Top-level Entity Name              ; Top_Level                                      ;
; Family                             ; MAX 10                                         ;
; Total logic elements               ; 372                                            ;
;     Total combinational functions  ; 372                                            ;
;     Dedicated logic registers      ; 35                                             ;
; Total registers                    ; 35                                             ;
; Total pins                         ; 50                                             ;
; Total virtual pins                 ; 0                                              ;
; Total memory bits                  ; 0                                              ;
; Embedded Multiplier 9-bit elements ; 0                                              ;
; Total PLLs                         ; 0                                              ;
; UFM blocks                         ; 0                                              ;
; ADC blocks                         ; 0                                              ;
+------------------------------------+------------------------------------------------+


+------------------------------------------------------------------------------------------------------------+
; Analysis & Synthesis Settings                                                                              ;
+------------------------------------------------------------------+--------------------+--------------------+
; Option                                                           ; Setting            ; Default Value      ;
+------------------------------------------------------------------+--------------------+--------------------+
; Device                                                           ; 10M08DAF484C8G     ;                    ;
; Top-level entity name                                            ; Top_Level          ; lab2__part1_tb     ;
; Family name                                                      ; MAX 10             ; Cyclone V          ;
; Use smart compilation                                            ; Off                ; Off                ;
; Enable parallel Assembler and Timing Analyzer during compilation ; On                 ; On                 ;
; Enable compact report table                                      ; Off                ; Off                ;
; Restructure Multiplexers                                         ; Auto               ; Auto               ;
; Create Debugging Nodes for IP Cores                              ; Off                ; Off                ;
; Preserve fewer node names                                        ; On                 ; On                 ;
; Intel FPGA IP Evaluation Mode                                    ; Enable             ; Enable             ;
; Verilog Version                                                  ; Verilog_2001       ; Verilog_2001       ;
; VHDL Version                                                     ; VHDL_1993          ; VHDL_1993          ;
; State Machine Processing                                         ; Auto               ; Auto               ;
; Safe State Machine                                               ; Off                ; Off                ;
; Extract Verilog State Machines                                   ; On                 ; On                 ;
; Extract VHDL State Machines                                      ; On                 ; On                 ;
; Ignore Verilog initial constructs                                ; Off                ; Off                ;
; Iteration limit for constant Verilog loops                       ; 5000               ; 5000               ;
; Iteration limit for non-constant Verilog loops                   ; 250                ; 250                ;
; Add Pass-Through Logic to Inferred RAMs                          ; On                 ; On                 ;
; Infer RAMs from Raw Logic                                        ; On                 ; On                 ;
; Parallel Synthesis                                               ; On                 ; On                 ;
; DSP Block Balancing                                              ; Auto               ; Auto               ;
; NOT Gate Push-Back                                               ; On                 ; On                 ;
; Power-Up Don't Care                                              ; On                 ; On                 ;
; Remove Redundant Logic Cells                                     ; Off                ; Off                ;
; Remove Duplicate Registers                                       ; On                 ; On                 ;
; Ignore CARRY Buffers                                             ; Off                ; Off                ;
; Ignore CASCADE Buffers                                           ; Off                ; Off                ;
; Ignore GLOBAL Buffers                                            ; Off                ; Off                ;
; Ignore ROW GLOBAL Buffers                                        ; Off                ; Off                ;
; Ignore LCELL Buffers                                             ; Off                ; Off                ;
; Ignore SOFT Buffers                                              ; On                 ; On                 ;
; Limit AHDL Integers to 32 Bits                                   ; Off                ; Off                ;
; Optimization Technique                                           ; Balanced           ; Balanced           ;
; Carry Chain Length                                               ; 70                 ; 70                 ;
; Auto Carry Chains                                                ; On                 ; On                 ;
; Auto Open-Drain Pins                                             ; On                 ; On                 ;
; Perform WYSIWYG Primitive Resynthesis                            ; Off                ; Off                ;
; Auto ROM Replacement                                             ; On                 ; On                 ;
; Auto RAM Replacement                                             ; On                 ; On                 ;
; Auto DSP Block Replacement                                       ; On                 ; On                 ;
; Auto Shift Register Replacement                                  ; Auto               ; Auto               ;
; Allow Shift Register Merging across Hierarchies                  ; Auto               ; Auto               ;
; Auto Clock Enable Replacement                                    ; On                 ; On                 ;
; Strict RAM Replacement                                           ; Off                ; Off                ;
; Allow Synchronous Control Signals                                ; On                 ; On                 ;
; Force Use of Synchronous Clear Signals                           ; Off                ; Off                ;
; Auto RAM Block Balancing                                         ; On                 ; On                 ;
; Auto RAM to Logic Cell Conversion                                ; Off                ; Off                ;
; Auto Resource Sharing                                            ; Off                ; Off                ;
; Allow Any RAM Size For Recognition                               ; Off                ; Off                ;
; Allow Any ROM Size For Recognition                               ; Off                ; Off                ;
; Allow Any Shift Register Size For Recognition                    ; Off                ; Off                ;
; Use LogicLock Constraints during Resource Balancing              ; On                 ; On                 ;
; Ignore translate_off and synthesis_off directives                ; Off                ; Off                ;
; Timing-Driven Synthesis                                          ; On                 ; On                 ;
; Report Parameter Settings                                        ; On                 ; On                 ;
; Report Source Assignments                                        ; On                 ; On                 ;
; Report Connectivity Checks                                       ; On                 ; On                 ;
; Ignore Maximum Fan-Out Assignments                               ; Off                ; Off                ;
; Synchronization Register Chain Length                            ; 2                  ; 2                  ;
; Power Optimization During Synthesis                              ; Normal compilation ; Normal compilation ;
; HDL message level                                                ; Level2             ; Level2             ;
; Suppress Register Optimization Related Messages                  ; Off                ; Off                ;
; Number of Removed Registers Reported in Synthesis Report         ; 5000               ; 5000               ;
; Number of Swept Nodes Reported in Synthesis Report               ; 5000               ; 5000               ;
; Number of Inverted Registers Reported in Synthesis Report        ; 100                ; 100                ;
; Clock MUX Protection                                             ; On                 ; On                 ;
; Auto Gated Clock Conversion                                      ; Off                ; Off                ;
; Block Design Naming                                              ; Auto               ; Auto               ;
; SDC constraint protection                                        ; Off                ; Off                ;
; Synthesis Effort                                                 ; Auto               ; Auto               ;
; Shift Register Replacement - Allow Asynchronous Clear Signal     ; On                 ; On                 ;
; Pre-Mapping Resynthesis Optimization                             ; Off                ; Off                ;
; Analysis & Synthesis Message Level                               ; Medium             ; Medium             ;
; Disable Register Merging Across Hierarchies                      ; Auto               ; Auto               ;
; Resource Aware Inference For Block RAM                           ; On                 ; On                 ;
+------------------------------------------------------------------+--------------------+--------------------+


+------------------------------------------+
; Parallel Compilation                     ;
+----------------------------+-------------+
; Processors                 ; Number      ;
+----------------------------+-------------+
; Number detected on machine ; 16          ;
; Maximum allowed            ; 16          ;
;                            ;             ;
; Average used               ; 1.00        ;
; Maximum used               ; 16          ;
;                            ;             ;
; Usage by Processor         ; % Time Used ;
;     Processor 1            ; 100.0%      ;
;     Processor 2            ;   0.0%      ;
;     Processors 3-16        ;   0.0%      ;
+----------------------------+-------------+


+-----------------------------------------------------------------------------------------------------------------------------------------------------------------------------+
; Analysis & Synthesis Source Files Read                                                                                                                                      ;
+----------------------------------+-----------------+------------------------------+-------------------------------------------------------------------------------+---------+
; File Name with User-Entered Path ; Used in Netlist ; File Type                    ; File Name with Absolute Path                                                  ; Library ;
+----------------------------------+-----------------+------------------------------+-------------------------------------------------------------------------------+---------+
; Top_Level.sv                     ; yes             ; User SystemVerilog HDL File  ; C:/Users/Lazer/Desktop/sp24-cse140L-lab2/part1/Top_Level.sv                   ;         ;
; lcd_int3.sv                      ; yes             ; User SystemVerilog HDL File  ; C:/Users/Lazer/Desktop/sp24-cse140L-lab2/part1/lcd_int3.sv                    ;         ;
; ct_mod_N.sv                      ; yes             ; User SystemVerilog HDL File  ; C:/Users/Lazer/Desktop/sp24-cse140L-lab2/part1/ct_mod_N.sv                    ;         ;
; alarm.sv                         ; yes             ; User SystemVerilog HDL File  ; C:/Users/Lazer/Desktop/sp24-cse140L-lab2/part1/alarm.sv                       ;         ;
; lpm_divide.tdf                   ; yes             ; Megafunction                 ; c:/intelfpga_lite/23.1std/quartus/libraries/megafunctions/lpm_divide.tdf      ;         ;
; abs_divider.inc                  ; yes             ; Megafunction                 ; c:/intelfpga_lite/23.1std/quartus/libraries/megafunctions/abs_divider.inc     ;         ;
; sign_div_unsign.inc              ; yes             ; Megafunction                 ; c:/intelfpga_lite/23.1std/quartus/libraries/megafunctions/sign_div_unsign.inc ;         ;
; aglobal231.inc                   ; yes             ; Megafunction                 ; c:/intelfpga_lite/23.1std/quartus/libraries/megafunctions/aglobal231.inc      ;         ;
; db/lpm_divide_8sl.tdf            ; yes             ; Auto-Generated Megafunction  ; C:/Users/Lazer/Desktop/sp24-cse140L-lab2/part1/db/lpm_divide_8sl.tdf          ;         ;
; db/sign_div_unsign_akh.tdf       ; yes             ; Auto-Generated Megafunction  ; C:/Users/Lazer/Desktop/sp24-cse140L-lab2/part1/db/sign_div_unsign_akh.tdf     ;         ;
; db/alt_u_div_uee.tdf             ; yes             ; Auto-Generated Megafunction  ; C:/Users/Lazer/Desktop/sp24-cse140L-lab2/part1/db/alt_u_div_uee.tdf           ;         ;
; db/add_sub_t3c.tdf               ; yes             ; Auto-Generated Megafunction  ; C:/Users/Lazer/Desktop/sp24-cse140L-lab2/part1/db/add_sub_t3c.tdf             ;         ;
; db/add_sub_u3c.tdf               ; yes             ; Auto-Generated Megafunction  ; C:/Users/Lazer/Desktop/sp24-cse140L-lab2/part1/db/add_sub_u3c.tdf             ;         ;
; db/lpm_divide_bkl.tdf            ; yes             ; Auto-Generated Megafunction  ; C:/Users/Lazer/Desktop/sp24-cse140L-lab2/part1/db/lpm_divide_bkl.tdf          ;         ;
+----------------------------------+-----------------+------------------------------+-------------------------------------------------------------------------------+---------+


+-------------------------------------------------------------------------+
; Analysis & Synthesis Resource Usage Summary                             ;
+---------------------------------------------+---------------------------+
; Resource                                    ; Usage                     ;
+---------------------------------------------+---------------------------+
; Estimated Total logic elements              ; 372                       ;
;                                             ;                           ;
; Total combinational functions               ; 372                       ;
; Logic element usage by number of LUT inputs ;                           ;
;     -- 4 input functions                    ; 88                        ;
;     -- 3 input functions                    ; 85                        ;
;     -- <=2 input functions                  ; 199                       ;
;                                             ;                           ;
; Logic elements by mode                      ;                           ;
;     -- normal mode                          ; 252                       ;
;     -- arithmetic mode                      ; 120                       ;
;                                             ;                           ;
; Total registers                             ; 35                        ;
;     -- Dedicated logic registers            ; 35                        ;
;     -- I/O registers                        ; 0                         ;
;                                             ;                           ;
; I/O pins                                    ; 50                        ;
;                                             ;                           ;
; Embedded Multiplier 9-bit elements          ; 0                         ;
;                                             ;                           ;
; Maximum fan-out node                        ; ct_mod_N:Sct|ct_out[6]~22 ;
; Maximum fan-out                             ; 21                        ;
; Total fan-out                               ; 1185                      ;
; Average fan-out                             ; 2.34                      ;
+---------------------------------------------+---------------------------+


+----------------------------------------------------------------------------------------------------------------------------------------------------------------------------------------------------------------------------------------------------------------------------------------------------------------------------------------------------------------+
; Analysis & Synthesis Resource Utilization by Entity                                                                                                                                                                                                                                                                                                            ;
+-------------------------------------------+---------------------+---------------------------+-------------+------------+--------------+---------+-----------+------+--------------+------------+--------------------------------------------------------------------------------------------------------------------------+---------------------+--------------+
; Compilation Hierarchy Node                ; Combinational ALUTs ; Dedicated Logic Registers ; Memory Bits ; UFM Blocks ; DSP Elements ; DSP 9x9 ; DSP 18x18 ; Pins ; Virtual Pins ; ADC blocks ; Full Hierarchy Name                                                                                                      ; Entity Name         ; Library Name ;
+-------------------------------------------+---------------------+---------------------------+-------------+------------+--------------+---------+-----------+------+--------------+------------+--------------------------------------------------------------------------------------------------------------------------+---------------------+--------------+
; |Top_Level                                ; 372 (0)             ; 35 (0)                    ; 0           ; 0          ; 0            ; 0       ; 0         ; 50   ; 0            ; 0          ; |Top_Level                                                                                                               ; Top_Level           ; work         ;
;    |alarm:a1|                             ; 9 (9)               ; 0 (0)                     ; 0           ; 0          ; 0            ; 0       ; 0         ; 0    ; 0            ; 0          ; |Top_Level|alarm:a1                                                                                                      ; alarm               ; work         ;
;    |ct_mod_N:Hct|                         ; 10 (10)             ; 7 (7)                     ; 0           ; 0          ; 0            ; 0       ; 0         ; 0    ; 0            ; 0          ; |Top_Level|ct_mod_N:Hct                                                                                                  ; ct_mod_N            ; work         ;
;    |ct_mod_N:Hreg|                        ; 10 (10)             ; 7 (7)                     ; 0           ; 0          ; 0            ; 0       ; 0         ; 0    ; 0            ; 0          ; |Top_Level|ct_mod_N:Hreg                                                                                                 ; ct_mod_N            ; work         ;
;    |ct_mod_N:Mct|                         ; 11 (11)             ; 7 (7)                     ; 0           ; 0          ; 0            ; 0       ; 0         ; 0    ; 0            ; 0          ; |Top_Level|ct_mod_N:Mct                                                                                                  ; ct_mod_N            ; work         ;
;    |ct_mod_N:Mreg|                        ; 11 (11)             ; 7 (7)                     ; 0           ; 0          ; 0            ; 0       ; 0         ; 0    ; 0            ; 0          ; |Top_Level|ct_mod_N:Mreg                                                                                                 ; ct_mod_N            ; work         ;
;    |ct_mod_N:Sct|                         ; 12 (12)             ; 7 (7)                     ; 0           ; 0          ; 0            ; 0       ; 0         ; 0    ; 0            ; 0          ; |Top_Level|ct_mod_N:Sct                                                                                                  ; ct_mod_N            ; work         ;
;    |lcd_int:Hdisp|                        ; 103 (14)            ; 0 (0)                     ; 0           ; 0          ; 0            ; 0       ; 0         ; 0    ; 0            ; 0          ; |Top_Level|lcd_int:Hdisp                                                                                                 ; lcd_int             ; work         ;
;       |lpm_divide:Div0|                   ; 43 (0)              ; 0 (0)                     ; 0           ; 0          ; 0            ; 0       ; 0         ; 0    ; 0            ; 0          ; |Top_Level|lcd_int:Hdisp|lpm_divide:Div0                                                                                 ; lpm_divide          ; work         ;
;          |lpm_divide_8sl:auto_generated|  ; 43 (0)              ; 0 (0)                     ; 0           ; 0          ; 0            ; 0       ; 0         ; 0    ; 0            ; 0          ; |Top_Level|lcd_int:Hdisp|lpm_divide:Div0|lpm_divide_8sl:auto_generated                                                   ; lpm_divide_8sl      ; work         ;
;             |sign_div_unsign_akh:divider| ; 43 (0)              ; 0 (0)                     ; 0           ; 0          ; 0            ; 0       ; 0         ; 0    ; 0            ; 0          ; |Top_Level|lcd_int:Hdisp|lpm_divide:Div0|lpm_divide_8sl:auto_generated|sign_div_unsign_akh:divider                       ; sign_div_unsign_akh ; work         ;
;                |alt_u_div_uee:divider|    ; 43 (43)             ; 0 (0)                     ; 0           ; 0          ; 0            ; 0       ; 0         ; 0    ; 0            ; 0          ; |Top_Level|lcd_int:Hdisp|lpm_divide:Div0|lpm_divide_8sl:auto_generated|sign_div_unsign_akh:divider|alt_u_div_uee:divider ; alt_u_div_uee       ; work         ;
;       |lpm_divide:Mod0|                   ; 46 (0)              ; 0 (0)                     ; 0           ; 0          ; 0            ; 0       ; 0         ; 0    ; 0            ; 0          ; |Top_Level|lcd_int:Hdisp|lpm_divide:Mod0                                                                                 ; lpm_divide          ; work         ;
;          |lpm_divide_bkl:auto_generated|  ; 46 (0)              ; 0 (0)                     ; 0           ; 0          ; 0            ; 0       ; 0         ; 0    ; 0            ; 0          ; |Top_Level|lcd_int:Hdisp|lpm_divide:Mod0|lpm_divide_bkl:auto_generated                                                   ; lpm_divide_bkl      ; work         ;
;             |sign_div_unsign_akh:divider| ; 46 (0)              ; 0 (0)                     ; 0           ; 0          ; 0            ; 0       ; 0         ; 0    ; 0            ; 0          ; |Top_Level|lcd_int:Hdisp|lpm_divide:Mod0|lpm_divide_bkl:auto_generated|sign_div_unsign_akh:divider                       ; sign_div_unsign_akh ; work         ;
;                |alt_u_div_uee:divider|    ; 46 (46)             ; 0 (0)                     ; 0           ; 0          ; 0            ; 0       ; 0         ; 0    ; 0            ; 0          ; |Top_Level|lcd_int:Hdisp|lpm_divide:Mod0|lpm_divide_bkl:auto_generated|sign_div_unsign_akh:divider|alt_u_div_uee:divider ; alt_u_div_uee       ; work         ;
;    |lcd_int:Mdisp|                        ; 103 (14)            ; 0 (0)                     ; 0           ; 0          ; 0            ; 0       ; 0         ; 0    ; 0            ; 0          ; |Top_Level|lcd_int:Mdisp                                                                                                 ; lcd_int             ; work         ;
;       |lpm_divide:Div0|                   ; 43 (0)              ; 0 (0)                     ; 0           ; 0          ; 0            ; 0       ; 0         ; 0    ; 0            ; 0          ; |Top_Level|lcd_int:Mdisp|lpm_divide:Div0                                                                                 ; lpm_divide          ; work         ;
;          |lpm_divide_8sl:auto_generated|  ; 43 (0)              ; 0 (0)                     ; 0           ; 0          ; 0            ; 0       ; 0         ; 0    ; 0            ; 0          ; |Top_Level|lcd_int:Mdisp|lpm_divide:Div0|lpm_divide_8sl:auto_generated                                                   ; lpm_divide_8sl      ; work         ;
;             |sign_div_unsign_akh:divider| ; 43 (0)              ; 0 (0)                     ; 0           ; 0          ; 0            ; 0       ; 0         ; 0    ; 0            ; 0          ; |Top_Level|lcd_int:Mdisp|lpm_divide:Div0|lpm_divide_8sl:auto_generated|sign_div_unsign_akh:divider                       ; sign_div_unsign_akh ; work         ;
;                |alt_u_div_uee:divider|    ; 43 (43)             ; 0 (0)                     ; 0           ; 0          ; 0            ; 0       ; 0         ; 0    ; 0            ; 0          ; |Top_Level|lcd_int:Mdisp|lpm_divide:Div0|lpm_divide_8sl:auto_generated|sign_div_unsign_akh:divider|alt_u_div_uee:divider ; alt_u_div_uee       ; work         ;
;       |lpm_divide:Mod0|                   ; 46 (0)              ; 0 (0)                     ; 0           ; 0          ; 0            ; 0       ; 0         ; 0    ; 0            ; 0          ; |Top_Level|lcd_int:Mdisp|lpm_divide:Mod0                                                                                 ; lpm_divide          ; work         ;
;          |lpm_divide_bkl:auto_generated|  ; 46 (0)              ; 0 (0)                     ; 0           ; 0          ; 0            ; 0       ; 0         ; 0    ; 0            ; 0          ; |Top_Level|lcd_int:Mdisp|lpm_divide:Mod0|lpm_divide_bkl:auto_generated                                                   ; lpm_divide_bkl      ; work         ;
;             |sign_div_unsign_akh:divider| ; 46 (0)              ; 0 (0)                     ; 0           ; 0          ; 0            ; 0       ; 0         ; 0    ; 0            ; 0          ; |Top_Level|lcd_int:Mdisp|lpm_divide:Mod0|lpm_divide_bkl:auto_generated|sign_div_unsign_akh:divider                       ; sign_div_unsign_akh ; work         ;
;                |alt_u_div_uee:divider|    ; 46 (46)             ; 0 (0)                     ; 0           ; 0          ; 0            ; 0       ; 0         ; 0    ; 0            ; 0          ; |Top_Level|lcd_int:Mdisp|lpm_divide:Mod0|lpm_divide_bkl:auto_generated|sign_div_unsign_akh:divider|alt_u_div_uee:divider ; alt_u_div_uee       ; work         ;
;    |lcd_int:Sdisp|                        ; 103 (14)            ; 0 (0)                     ; 0           ; 0          ; 0            ; 0       ; 0         ; 0    ; 0            ; 0          ; |Top_Level|lcd_int:Sdisp                                                                                                 ; lcd_int             ; work         ;
;       |lpm_divide:Div0|                   ; 43 (0)              ; 0 (0)                     ; 0           ; 0          ; 0            ; 0       ; 0         ; 0    ; 0            ; 0          ; |Top_Level|lcd_int:Sdisp|lpm_divide:Div0                                                                                 ; lpm_divide          ; work         ;
;          |lpm_divide_8sl:auto_generated|  ; 43 (0)              ; 0 (0)                     ; 0           ; 0          ; 0            ; 0       ; 0         ; 0    ; 0            ; 0          ; |Top_Level|lcd_int:Sdisp|lpm_divide:Div0|lpm_divide_8sl:auto_generated                                                   ; lpm_divide_8sl      ; work         ;
;             |sign_div_unsign_akh:divider| ; 43 (0)              ; 0 (0)                     ; 0           ; 0          ; 0            ; 0       ; 0         ; 0    ; 0            ; 0          ; |Top_Level|lcd_int:Sdisp|lpm_divide:Div0|lpm_divide_8sl:auto_generated|sign_div_unsign_akh:divider                       ; sign_div_unsign_akh ; work         ;
;                |alt_u_div_uee:divider|    ; 43 (43)             ; 0 (0)                     ; 0           ; 0          ; 0            ; 0       ; 0         ; 0    ; 0            ; 0          ; |Top_Level|lcd_int:Sdisp|lpm_divide:Div0|lpm_divide_8sl:auto_generated|sign_div_unsign_akh:divider|alt_u_div_uee:divider ; alt_u_div_uee       ; work         ;
;       |lpm_divide:Mod0|                   ; 46 (0)              ; 0 (0)                     ; 0           ; 0          ; 0            ; 0       ; 0         ; 0    ; 0            ; 0          ; |Top_Level|lcd_int:Sdisp|lpm_divide:Mod0                                                                                 ; lpm_divide          ; work         ;
;          |lpm_divide_bkl:auto_generated|  ; 46 (0)              ; 0 (0)                     ; 0           ; 0          ; 0            ; 0       ; 0         ; 0    ; 0            ; 0          ; |Top_Level|lcd_int:Sdisp|lpm_divide:Mod0|lpm_divide_bkl:auto_generated                                                   ; lpm_divide_bkl      ; work         ;
;             |sign_div_unsign_akh:divider| ; 46 (0)              ; 0 (0)                     ; 0           ; 0          ; 0            ; 0       ; 0         ; 0    ; 0            ; 0          ; |Top_Level|lcd_int:Sdisp|lpm_divide:Mod0|lpm_divide_bkl:auto_generated|sign_div_unsign_akh:divider                       ; sign_div_unsign_akh ; work         ;
;                |alt_u_div_uee:divider|    ; 46 (46)             ; 0 (0)                     ; 0           ; 0          ; 0            ; 0       ; 0         ; 0    ; 0            ; 0          ; |Top_Level|lcd_int:Sdisp|lpm_divide:Mod0|lpm_divide_bkl:auto_generated|sign_div_unsign_akh:divider|alt_u_div_uee:divider ; alt_u_div_uee       ; work         ;
+-------------------------------------------+---------------------+---------------------------+-------------+------------+--------------+---------+-----------+------+--------------+------------+--------------------------------------------------------------------------------------------------------------------------+---------------------+--------------+
Note: For table entries with two numbers listed, the numbers in parentheses indicate the number of resources of the given type used by the specific entity alone. The numbers listed outside of parentheses indicate the total resources of the given type used by the specific entity and all of its sub-entities in the hierarchy.


+------------------------------------------------------+
; General Register Statistics                          ;
+----------------------------------------------+-------+
; Statistic                                    ; Value ;
+----------------------------------------------+-------+
; Total registers                              ; 35    ;
; Number of registers using Synchronous Clear  ; 35    ;
; Number of registers using Synchronous Load   ; 0     ;
; Number of registers using Asynchronous Clear ; 0     ;
; Number of registers using Asynchronous Load  ; 0     ;
; Number of registers using Clock Enable       ; 35    ;
; Number of registers using Preset             ; 0     ;
+----------------------------------------------+-------+


+--------------------------------------------------------------------------------------------------------------------------------------------------+
; Multiplexer Restructuring Statistics (Restructuring Performed)                                                                                   ;
+--------------------+-----------+---------------+----------------------+------------------------+------------+------------------------------------+
; Multiplexer Inputs ; Bus Width ; Baseline Area ; Area if Restructured ; Saving if Restructured ; Registered ; Example Multiplexer Output         ;
+--------------------+-----------+---------------+----------------------+------------------------+------------+------------------------------------+
; 4:1                ; 7 bits    ; 14 LEs        ; 7 LEs                ; 7 LEs                  ; Yes        ; |Top_Level|ct_mod_N:Sct|ct_out[6]  ;
; 4:1                ; 7 bits    ; 14 LEs        ; 7 LEs                ; 7 LEs                  ; Yes        ; |Top_Level|ct_mod_N:Mct|ct_out[6]  ;
; 4:1                ; 7 bits    ; 14 LEs        ; 7 LEs                ; 7 LEs                  ; Yes        ; |Top_Level|ct_mod_N:Hct|ct_out[6]  ;
; 4:1                ; 7 bits    ; 14 LEs        ; 7 LEs                ; 7 LEs                  ; Yes        ; |Top_Level|ct_mod_N:Mreg|ct_out[6] ;
; 4:1                ; 7 bits    ; 14 LEs        ; 7 LEs                ; 7 LEs                  ; Yes        ; |Top_Level|ct_mod_N:Hreg|ct_out[6] ;
+--------------------+-----------+---------------+----------------------+------------------------+------------+------------------------------------+


+---------------------------------------------------------------------------+
; Parameter Settings for User Entity Instance: Top-level Entity: |Top_Level ;
+----------------+-------+--------------------------------------------------+
; Parameter Name ; Value ; Type                                             ;
+----------------+-------+--------------------------------------------------+
; NS             ; 60    ; Signed Integer                                   ;
; NH             ; 24    ; Signed Integer                                   ;
+----------------+-------+--------------------------------------------------+
Note: In order to hide this table in the UI and the text report file, please set the "Show Parameter Settings in Synthesis Report" option in "Analysis and Synthesis Settings -> More Settings" to "Off".


+--------------------------------------------------------------------------------+
; Parameter Settings for Inferred Entity Instance: lcd_int:Sdisp|lpm_divide:Div0 ;
+------------------------+----------------+--------------------------------------+
; Parameter Name         ; Value          ; Type                                 ;
+------------------------+----------------+--------------------------------------+
; LPM_WIDTHN             ; 7              ; Untyped                              ;
; LPM_WIDTHD             ; 4              ; Untyped                              ;
; LPM_NREPRESENTATION    ; UNSIGNED       ; Untyped                              ;
; LPM_DREPRESENTATION    ; UNSIGNED       ; Untyped                              ;
; LPM_PIPELINE           ; 0              ; Untyped                              ;
; LPM_REMAINDERPOSITIVE  ; TRUE           ; Untyped                              ;
; MAXIMIZE_SPEED         ; 5              ; Untyped                              ;
; CBXI_PARAMETER         ; lpm_divide_8sl ; Untyped                              ;
; CARRY_CHAIN            ; MANUAL         ; Untyped                              ;
; OPTIMIZE_FOR_SPEED     ; 5              ; Untyped                              ;
; AUTO_CARRY_CHAINS      ; ON             ; AUTO_CARRY                           ;
; IGNORE_CARRY_BUFFERS   ; OFF            ; IGNORE_CARRY                         ;
; AUTO_CASCADE_CHAINS    ; ON             ; AUTO_CASCADE                         ;
; IGNORE_CASCADE_BUFFERS ; OFF            ; IGNORE_CASCADE                       ;
+------------------------+----------------+--------------------------------------+
Note: In order to hide this table in the UI and the text report file, please set the "Show Parameter Settings in Synthesis Report" option in "Analysis and Synthesis Settings -> More Settings" to "Off".


+--------------------------------------------------------------------------------+
; Parameter Settings for Inferred Entity Instance: lcd_int:Sdisp|lpm_divide:Mod0 ;
+------------------------+----------------+--------------------------------------+
; Parameter Name         ; Value          ; Type                                 ;
+------------------------+----------------+--------------------------------------+
; LPM_WIDTHN             ; 7              ; Untyped                              ;
; LPM_WIDTHD             ; 4              ; Untyped                              ;
; LPM_NREPRESENTATION    ; UNSIGNED       ; Untyped                              ;
; LPM_DREPRESENTATION    ; UNSIGNED       ; Untyped                              ;
; LPM_PIPELINE           ; 0              ; Untyped                              ;
; LPM_REMAINDERPOSITIVE  ; TRUE           ; Untyped                              ;
; MAXIMIZE_SPEED         ; 5              ; Untyped                              ;
; CBXI_PARAMETER         ; lpm_divide_bkl ; Untyped                              ;
; CARRY_CHAIN            ; MANUAL         ; Untyped                              ;
; OPTIMIZE_FOR_SPEED     ; 5              ; Untyped                              ;
; AUTO_CARRY_CHAINS      ; ON             ; AUTO_CARRY                           ;
; IGNORE_CARRY_BUFFERS   ; OFF            ; IGNORE_CARRY                         ;
; AUTO_CASCADE_CHAINS    ; ON             ; AUTO_CASCADE                         ;
; IGNORE_CASCADE_BUFFERS ; OFF            ; IGNORE_CASCADE                       ;
+------------------------+----------------+--------------------------------------+
Note: In order to hide this table in the UI and the text report file, please set the "Show Parameter Settings in Synthesis Report" option in "Analysis and Synthesis Settings -> More Settings" to "Off".


+--------------------------------------------------------------------------------+
; Parameter Settings for Inferred Entity Instance: lcd_int:Mdisp|lpm_divide:Div0 ;
+------------------------+----------------+--------------------------------------+
; Parameter Name         ; Value          ; Type                                 ;
+------------------------+----------------+--------------------------------------+
; LPM_WIDTHN             ; 7              ; Untyped                              ;
; LPM_WIDTHD             ; 4              ; Untyped                              ;
; LPM_NREPRESENTATION    ; UNSIGNED       ; Untyped                              ;
; LPM_DREPRESENTATION    ; UNSIGNED       ; Untyped                              ;
; LPM_PIPELINE           ; 0              ; Untyped                              ;
; LPM_REMAINDERPOSITIVE  ; TRUE           ; Untyped                              ;
; MAXIMIZE_SPEED         ; 5              ; Untyped                              ;
; CBXI_PARAMETER         ; lpm_divide_8sl ; Untyped                              ;
; CARRY_CHAIN            ; MANUAL         ; Untyped                              ;
; OPTIMIZE_FOR_SPEED     ; 5              ; Untyped                              ;
; AUTO_CARRY_CHAINS      ; ON             ; AUTO_CARRY                           ;
; IGNORE_CARRY_BUFFERS   ; OFF            ; IGNORE_CARRY                         ;
; AUTO_CASCADE_CHAINS    ; ON             ; AUTO_CASCADE                         ;
; IGNORE_CASCADE_BUFFERS ; OFF            ; IGNORE_CASCADE                       ;
+------------------------+----------------+--------------------------------------+
Note: In order to hide this table in the UI and the text report file, please set the "Show Parameter Settings in Synthesis Report" option in "Analysis and Synthesis Settings -> More Settings" to "Off".


+--------------------------------------------------------------------------------+
; Parameter Settings for Inferred Entity Instance: lcd_int:Mdisp|lpm_divide:Mod0 ;
+------------------------+----------------+--------------------------------------+
; Parameter Name         ; Value          ; Type                                 ;
+------------------------+----------------+--------------------------------------+
; LPM_WIDTHN             ; 7              ; Untyped                              ;
; LPM_WIDTHD             ; 4              ; Untyped                              ;
; LPM_NREPRESENTATION    ; UNSIGNED       ; Untyped                              ;
; LPM_DREPRESENTATION    ; UNSIGNED       ; Untyped                              ;
; LPM_PIPELINE           ; 0              ; Untyped                              ;
; LPM_REMAINDERPOSITIVE  ; TRUE           ; Untyped                              ;
; MAXIMIZE_SPEED         ; 5              ; Untyped                              ;
; CBXI_PARAMETER         ; lpm_divide_bkl ; Untyped                              ;
; CARRY_CHAIN            ; MANUAL         ; Untyped                              ;
; OPTIMIZE_FOR_SPEED     ; 5              ; Untyped                              ;
; AUTO_CARRY_CHAINS      ; ON             ; AUTO_CARRY                           ;
; IGNORE_CARRY_BUFFERS   ; OFF            ; IGNORE_CARRY                         ;
; AUTO_CASCADE_CHAINS    ; ON             ; AUTO_CASCADE                         ;
; IGNORE_CASCADE_BUFFERS ; OFF            ; IGNORE_CASCADE                       ;
+------------------------+----------------+--------------------------------------+
Note: In order to hide this table in the UI and the text report file, please set the "Show Parameter Settings in Synthesis Report" option in "Analysis and Synthesis Settings -> More Settings" to "Off".


+--------------------------------------------------------------------------------+
; Parameter Settings for Inferred Entity Instance: lcd_int:Hdisp|lpm_divide:Div0 ;
+------------------------+----------------+--------------------------------------+
; Parameter Name         ; Value          ; Type                                 ;
+------------------------+----------------+--------------------------------------+
; LPM_WIDTHN             ; 7              ; Untyped                              ;
; LPM_WIDTHD             ; 4              ; Untyped                              ;
; LPM_NREPRESENTATION    ; UNSIGNED       ; Untyped                              ;
; LPM_DREPRESENTATION    ; UNSIGNED       ; Untyped                              ;
; LPM_PIPELINE           ; 0              ; Untyped                              ;
; LPM_REMAINDERPOSITIVE  ; TRUE           ; Untyped                              ;
; MAXIMIZE_SPEED         ; 5              ; Untyped                              ;
; CBXI_PARAMETER         ; lpm_divide_8sl ; Untyped                              ;
; CARRY_CHAIN            ; MANUAL         ; Untyped                              ;
; OPTIMIZE_FOR_SPEED     ; 5              ; Untyped                              ;
; AUTO_CARRY_CHAINS      ; ON             ; AUTO_CARRY                           ;
; IGNORE_CARRY_BUFFERS   ; OFF            ; IGNORE_CARRY                         ;
; AUTO_CASCADE_CHAINS    ; ON             ; AUTO_CASCADE                         ;
; IGNORE_CASCADE_BUFFERS ; OFF            ; IGNORE_CASCADE                       ;
+------------------------+----------------+--------------------------------------+
Note: In order to hide this table in the UI and the text report file, please set the "Show Parameter Settings in Synthesis Report" option in "Analysis and Synthesis Settings -> More Settings" to "Off".


+--------------------------------------------------------------------------------+
; Parameter Settings for Inferred Entity Instance: lcd_int:Hdisp|lpm_divide:Mod0 ;
+------------------------+----------------+--------------------------------------+
; Parameter Name         ; Value          ; Type                                 ;
+------------------------+----------------+--------------------------------------+
; LPM_WIDTHN             ; 7              ; Untyped                              ;
; LPM_WIDTHD             ; 4              ; Untyped                              ;
; LPM_NREPRESENTATION    ; UNSIGNED       ; Untyped                              ;
; LPM_DREPRESENTATION    ; UNSIGNED       ; Untyped                              ;
; LPM_PIPELINE           ; 0              ; Untyped                              ;
; LPM_REMAINDERPOSITIVE  ; TRUE           ; Untyped                              ;
; MAXIMIZE_SPEED         ; 5              ; Untyped                              ;
; CBXI_PARAMETER         ; lpm_divide_bkl ; Untyped                              ;
; CARRY_CHAIN            ; MANUAL         ; Untyped                              ;
; OPTIMIZE_FOR_SPEED     ; 5              ; Untyped                              ;
; AUTO_CARRY_CHAINS      ; ON             ; AUTO_CARRY                           ;
; IGNORE_CARRY_BUFFERS   ; OFF            ; IGNORE_CARRY                         ;
; AUTO_CASCADE_CHAINS    ; ON             ; AUTO_CASCADE                         ;
; IGNORE_CASCADE_BUFFERS ; OFF            ; IGNORE_CASCADE                       ;
+------------------------+----------------+--------------------------------------+
Note: In order to hide this table in the UI and the text report file, please set the "Show Parameter Settings in Synthesis Report" option in "Analysis and Synthesis Settings -> More Settings" to "Off".


+------------------------------------------------------------------------------------------------------------------------------------------------------------------------------------------------------------------------+
; Port Connectivity Checks: "ct_mod_N:Hreg"                                                                                                                                                                              ;
+---------------+--------+----------+------------------------------------------------------------------------------------------------------------------------------------------------------------------------------------+
; Port          ; Type   ; Severity ; Details                                                                                                                                                                            ;
+---------------+--------+----------+------------------------------------------------------------------------------------------------------------------------------------------------------------------------------------+
; modulus       ; Input  ; Warning  ; Input port expression (32 bits) is wider than the input port (7 bits) it drives.  The 25 most-significant bit(s) in the expression will be dangling if they have no other fanouts. ;
; modulus[4..3] ; Input  ; Info     ; Stuck at VCC                                                                                                                                                                       ;
; modulus[6..5] ; Input  ; Info     ; Stuck at GND                                                                                                                                                                       ;
; modulus[2..0] ; Input  ; Info     ; Stuck at GND                                                                                                                                                                       ;
; ct_max        ; Output ; Info     ; Explicitly unconnected                                                                                                                                                             ;
+---------------+--------+----------+------------------------------------------------------------------------------------------------------------------------------------------------------------------------------------+


+------------------------------------------------------------------------------------------------------------------------------------------------------------------------------------------------------------------------+
; Port Connectivity Checks: "ct_mod_N:Mreg"                                                                                                                                                                              ;
+---------------+--------+----------+------------------------------------------------------------------------------------------------------------------------------------------------------------------------------------+
; Port          ; Type   ; Severity ; Details                                                                                                                                                                            ;
+---------------+--------+----------+------------------------------------------------------------------------------------------------------------------------------------------------------------------------------------+
; modulus       ; Input  ; Warning  ; Input port expression (32 bits) is wider than the input port (7 bits) it drives.  The 25 most-significant bit(s) in the expression will be dangling if they have no other fanouts. ;
; modulus[5..2] ; Input  ; Info     ; Stuck at VCC                                                                                                                                                                       ;
; modulus[1..0] ; Input  ; Info     ; Stuck at GND                                                                                                                                                                       ;
; modulus[6]    ; Input  ; Info     ; Stuck at GND                                                                                                                                                                       ;
; ct_max        ; Output ; Info     ; Explicitly unconnected                                                                                                                                                             ;
+---------------+--------+----------+------------------------------------------------------------------------------------------------------------------------------------------------------------------------------------+


+------------------------------------------------------------------------------------------------------------------------------------------------------------------------------------------------------------------------+
; Port Connectivity Checks: "ct_mod_N:Hct"                                                                                                                                                                               ;
+---------------+--------+----------+------------------------------------------------------------------------------------------------------------------------------------------------------------------------------------+
; Port          ; Type   ; Severity ; Details                                                                                                                                                                            ;
+---------------+--------+----------+------------------------------------------------------------------------------------------------------------------------------------------------------------------------------------+
; modulus       ; Input  ; Warning  ; Input port expression (32 bits) is wider than the input port (7 bits) it drives.  The 25 most-significant bit(s) in the expression will be dangling if they have no other fanouts. ;
; modulus[4..3] ; Input  ; Info     ; Stuck at VCC                                                                                                                                                                       ;
; modulus[6..5] ; Input  ; Info     ; Stuck at GND                                                                                                                                                                       ;
; modulus[2..0] ; Input  ; Info     ; Stuck at GND                                                                                                                                                                       ;
; ct_max        ; Output ; Info     ; Connected to dangling logic. Logic that only feeds a dangling port will be removed.                                                                                                ;
+---------------+--------+----------+------------------------------------------------------------------------------------------------------------------------------------------------------------------------------------+


+-----------------------------------------------------------------------------------------------------------------------------------------------------------------------------------------------------------------------+
; Port Connectivity Checks: "ct_mod_N:Mct"                                                                                                                                                                              ;
+---------------+-------+----------+------------------------------------------------------------------------------------------------------------------------------------------------------------------------------------+
; Port          ; Type  ; Severity ; Details                                                                                                                                                                            ;
+---------------+-------+----------+------------------------------------------------------------------------------------------------------------------------------------------------------------------------------------+
; modulus       ; Input ; Warning  ; Input port expression (32 bits) is wider than the input port (7 bits) it drives.  The 25 most-significant bit(s) in the expression will be dangling if they have no other fanouts. ;
; modulus[5..2] ; Input ; Info     ; Stuck at VCC                                                                                                                                                                       ;
; modulus[1..0] ; Input ; Info     ; Stuck at GND                                                                                                                                                                       ;
; modulus[6]    ; Input ; Info     ; Stuck at GND                                                                                                                                                                       ;
+---------------+-------+----------+------------------------------------------------------------------------------------------------------------------------------------------------------------------------------------+


+-----------------------------------------------------------------------------------------------------------------------------------------------------------------------------------------------------------------------+
; Port Connectivity Checks: "ct_mod_N:Sct"                                                                                                                                                                              ;
+---------------+-------+----------+------------------------------------------------------------------------------------------------------------------------------------------------------------------------------------+
; Port          ; Type  ; Severity ; Details                                                                                                                                                                            ;
+---------------+-------+----------+------------------------------------------------------------------------------------------------------------------------------------------------------------------------------------+
; modulus       ; Input ; Warning  ; Input port expression (32 bits) is wider than the input port (7 bits) it drives.  The 25 most-significant bit(s) in the expression will be dangling if they have no other fanouts. ;
; modulus[5..2] ; Input ; Info     ; Stuck at VCC                                                                                                                                                                       ;
; modulus[1..0] ; Input ; Info     ; Stuck at GND                                                                                                                                                                       ;
; modulus[6]    ; Input ; Info     ; Stuck at GND                                                                                                                                                                       ;
+---------------+-------+----------+------------------------------------------------------------------------------------------------------------------------------------------------------------------------------------+


+-----------------------------------------------------+
; Post-Synthesis Netlist Statistics for Top Partition ;
+-----------------------+-----------------------------+
; Type                  ; Count                       ;
+-----------------------+-----------------------------+
; boundary_port         ; 50                          ;
; cycloneiii_ff         ; 35                          ;
;     ENA SCLR          ; 35                          ;
; cycloneiii_lcell_comb ; 408                         ;
;     arith             ; 120                         ;
;         2 data inputs ; 48                          ;
;         3 data inputs ; 72                          ;
;     normal            ; 288                         ;
;         0 data inputs ; 24                          ;
;         1 data inputs ; 41                          ;
;         2 data inputs ; 122                         ;
;         3 data inputs ; 13                          ;
;         4 data inputs ; 88                          ;
;                       ;                             ;
; Max LUT depth         ; 11.50                       ;
; Average LUT depth     ; 8.88                        ;
+-----------------------+-----------------------------+


+-------------------------------+
; Elapsed Time Per Partition    ;
+----------------+--------------+
; Partition Name ; Elapsed Time ;
+----------------+--------------+
; Top            ; 00:00:01     ;
+----------------+--------------+


+-------------------------------+
; Analysis & Synthesis Messages ;
+-------------------------------+
Info: *******************************************************************
Info: Running Quartus Prime Analysis & Synthesis
    Info: Version 23.1std.0 Build 991 11/28/2023 SC Lite Edition
    Info: Processing started: Wed May  1 06:54:58 2024
Info: Command: quartus_map --read_settings_files=on --write_settings_files=off lab2__part1_tb -c lab2__part1_tb
Warning (18236): Number of processors has not been specified which may cause overloading on shared machines.  Set the global assignment NUM_PARALLEL_PROCESSORS in your QSF to an appropriate value for best performance.
Info (20030): Parallel compilation is enabled and will use 16 of the 16 processors detected
Info (12021): Found 1 design units, including 1 entities, in source file top_level.sv
    Info (12023): Found entity 1: Top_Level File: C:/Users/Lazer/Desktop/sp24-cse140L-lab2/part1/Top_Level.sv Line: 4
Info (12021): Found 1 design units, including 1 entities, in source file lcd_int3.sv
    Info (12023): Found entity 1: lcd_int File: C:/Users/Lazer/Desktop/sp24-cse140L-lab2/part1/lcd_int3.sv Line: 3
Info (12021): Found 1 design units, including 1 entities, in source file ct_mod_n.sv
    Info (12023): Found entity 1: ct_mod_N File: C:/Users/Lazer/Desktop/sp24-cse140L-lab2/part1/ct_mod_N.sv Line: 4
Info (12021): Found 1 design units, including 1 entities, in source file alarm.sv
    Info (12023): Found entity 1: alarm File: C:/Users/Lazer/Desktop/sp24-cse140L-lab2/part1/alarm.sv Line: 4
Info (12127): Elaborating entity "Top_Level" for the top level hierarchy
Info (12128): Elaborating entity "ct_mod_N" for hierarchy "ct_mod_N:Sct" File: C:/Users/Lazer/Desktop/sp24-cse140L-lab2/part1/Top_Level.sv Line: 35
Warning (10230): Verilog HDL assignment warning at ct_mod_N.sv(18): truncated value with size 32 to match size of target (7) File: C:/Users/Lazer/Desktop/sp24-cse140L-lab2/part1/ct_mod_N.sv Line: 18
Info (12128): Elaborating entity "lcd_int" for hierarchy "lcd_int:Sdisp" File: C:/Users/Lazer/Desktop/sp24-cse140L-lab2/part1/Top_Level.sv Line: 69
Warning (10230): Verilog HDL assignment warning at lcd_int3.sv(9): truncated value with size 32 to match size of target (4) File: C:/Users/Lazer/Desktop/sp24-cse140L-lab2/part1/lcd_int3.sv Line: 9
Warning (10230): Verilog HDL assignment warning at lcd_int3.sv(11): truncated value with size 32 to match size of target (4) File: C:/Users/Lazer/Desktop/sp24-cse140L-lab2/part1/lcd_int3.sv Line: 11
Info (12128): Elaborating entity "alarm" for hierarchy "alarm:a1" File: C:/Users/Lazer/Desktop/sp24-cse140L-lab2/part1/Top_Level.sv Line: 86
Info (278001): Inferred 6 megafunctions from design logic
    Info (278004): Inferred divider/modulo megafunction ("lpm_divide") from the following logic: "lcd_int:Sdisp|Div0" File: C:/Users/Lazer/Desktop/sp24-cse140L-lab2/part1/lcd_int3.sv Line: 11
    Info (278004): Inferred divider/modulo megafunction ("lpm_divide") from the following logic: "lcd_int:Sdisp|Mod0" File: C:/Users/Lazer/Desktop/sp24-cse140L-lab2/part1/lcd_int3.sv Line: 9
    Info (278004): Inferred divider/modulo megafunction ("lpm_divide") from the following logic: "lcd_int:Mdisp|Div0" File: C:/Users/Lazer/Desktop/sp24-cse140L-lab2/part1/lcd_int3.sv Line: 11
    Info (278004): Inferred divider/modulo megafunction ("lpm_divide") from the following logic: "lcd_int:Mdisp|Mod0" File: C:/Users/Lazer/Desktop/sp24-cse140L-lab2/part1/lcd_int3.sv Line: 9
    Info (278004): Inferred divider/modulo megafunction ("lpm_divide") from the following logic: "lcd_int:Hdisp|Div0" File: C:/Users/Lazer/Desktop/sp24-cse140L-lab2/part1/lcd_int3.sv Line: 11
    Info (278004): Inferred divider/modulo megafunction ("lpm_divide") from the following logic: "lcd_int:Hdisp|Mod0" File: C:/Users/Lazer/Desktop/sp24-cse140L-lab2/part1/lcd_int3.sv Line: 9
Info (12130): Elaborated megafunction instantiation "lcd_int:Sdisp|lpm_divide:Div0" File: C:/Users/Lazer/Desktop/sp24-cse140L-lab2/part1/lcd_int3.sv Line: 11
Info (12133): Instantiated megafunction "lcd_int:Sdisp|lpm_divide:Div0" with the following parameter: File: C:/Users/Lazer/Desktop/sp24-cse140L-lab2/part1/lcd_int3.sv Line: 11
    Info (12134): Parameter "LPM_WIDTHN" = "7"
    Info (12134): Parameter "LPM_WIDTHD" = "4"
    Info (12134): Parameter "LPM_NREPRESENTATION" = "UNSIGNED"
    Info (12134): Parameter "LPM_DREPRESENTATION" = "UNSIGNED"
Info (12021): Found 1 design units, including 1 entities, in source file db/lpm_divide_8sl.tdf
    Info (12023): Found entity 1: lpm_divide_8sl File: C:/Users/Lazer/Desktop/sp24-cse140L-lab2/part1/db/lpm_divide_8sl.tdf Line: 25
Info (12021): Found 1 design units, including 1 entities, in source file db/sign_div_unsign_akh.tdf
    Info (12023): Found entity 1: sign_div_unsign_akh File: C:/Users/Lazer/Desktop/sp24-cse140L-lab2/part1/db/sign_div_unsign_akh.tdf Line: 25
Info (12021): Found 1 design units, including 1 entities, in source file db/alt_u_div_uee.tdf
    Info (12023): Found entity 1: alt_u_div_uee File: C:/Users/Lazer/Desktop/sp24-cse140L-lab2/part1/db/alt_u_div_uee.tdf Line: 27
Info (12021): Found 1 design units, including 1 entities, in source file db/add_sub_t3c.tdf
    Info (12023): Found entity 1: add_sub_t3c File: C:/Users/Lazer/Desktop/sp24-cse140L-lab2/part1/db/add_sub_t3c.tdf Line: 23
Info (12021): Found 1 design units, including 1 entities, in source file db/add_sub_u3c.tdf
    Info (12023): Found entity 1: add_sub_u3c File: C:/Users/Lazer/Desktop/sp24-cse140L-lab2/part1/db/add_sub_u3c.tdf Line: 23
Info (12130): Elaborated megafunction instantiation "lcd_int:Sdisp|lpm_divide:Mod0" File: C:/Users/Lazer/Desktop/sp24-cse140L-lab2/part1/lcd_int3.sv Line: 9
Info (12133): Instantiated megafunction "lcd_int:Sdisp|lpm_divide:Mod0" with the following parameter: File: C:/Users/Lazer/Desktop/sp24-cse140L-lab2/part1/lcd_int3.sv Line: 9
    Info (12134): Parameter "LPM_WIDTHN" = "7"
    Info (12134): Parameter "LPM_WIDTHD" = "4"
    Info (12134): Parameter "LPM_NREPRESENTATION" = "UNSIGNED"
    Info (12134): Parameter "LPM_DREPRESENTATION" = "UNSIGNED"
Info (12021): Found 1 design units, including 1 entities, in source file db/lpm_divide_bkl.tdf
    Info (12023): Found entity 1: lpm_divide_bkl File: C:/Users/Lazer/Desktop/sp24-cse140L-lab2/part1/db/lpm_divide_bkl.tdf Line: 25
Warning (12241): 5 hierarchies have connectivity warnings - see the Connectivity Checks report folder
Info (286030): Timing-Driven Synthesis is running
Info (16010): Generating hard_block partition "hard_block:auto_generated_inst"
    Info (16011): Adding 0 node(s), including 0 DDIO, 0 PLL, 0 transceiver and 0 LCELL
Warning (21074): Design contains 1 input pin(s) that do not drive logic
    Warning (15610): No output dependent on input pin "Alarmon" File: C:/Users/Lazer/Desktop/sp24-cse140L-lab2/part1/Top_Level.sv Line: 10
Info (21057): Implemented 422 device resources after synthesis - the final resource count might be different
    Info (21058): Implemented 7 input pins
    Info (21059): Implemented 43 output pins
    Info (21061): Implemented 372 logic cells
Info: Quartus Prime Analysis & Synthesis was successful. 0 errors, 7 warnings
    Info: Peak virtual memory: 4859 megabytes
    Info: Processing ended: Wed May  1 06:55:12 2024
    Info: Elapsed time: 00:00:14
    Info: Total CPU time (on all processors): 00:00:21


